[debug] [2021-10-24T09:04:41.714Z] ----------------------------------------------------------------------
[debug] [2021-10-24T09:04:41.721Z] Command:       C:\Program Files\nodejs\node.exe C:\Users\Jorge\AppData\Roaming\npm\node_modules\firebase-tools\lib\bin\firebase.js init
[debug] [2021-10-24T09:04:41.723Z] CLI Version:   9.21.0
[debug] [2021-10-24T09:04:41.723Z] Platform:      win32
[debug] [2021-10-24T09:04:41.723Z] Node Version:  v17.0.1
[debug] [2021-10-24T09:04:41.727Z] Time:          Sun Oct 24 2021 04:04:41 GMT-0500 (hora de verano central)
[debug] [2021-10-24T09:04:41.728Z] ----------------------------------------------------------------------
[debug] 
[debug] [2021-10-24T09:04:41.754Z] > command requires scopes: ["email","openid","https://www.googleapis.com/auth/cloudplatformprojects.readonly","https://www.googleapis.com/auth/firebase","https://www.googleapis.com/auth/cloud-platform"]
[debug] [2021-10-24T09:04:41.755Z] > authorizing via signed-in user (jorgecoronellopez1@gmail.com)
[info] 
     ######## #### ########  ######## ########     ###     ######  ########
     ##        ##  ##     ## ##       ##     ##  ##   ##  ##       ##
     ######    ##  ########  ######   ########  #########  ######  ######
     ##        ##  ##    ##  ##       ##     ## ##     ##       ## ##
     ##       #### ##     ## ######## ########  ##     ##  ######  ########

You're about to initialize a Firebase project in this directory:

  C:\Users\Jorge\Desktop\prueba3

[info] 
=== Project Setup
[info] 
[info] First, let's associate this project directory with a Firebase project.
[info] You can create multiple project aliases by running firebase use --add, 
[info] but for now we'll just set up a default project.
[info] 
[info] i  If you want to create a project in a Google Cloud organization or folder, please use "firebase projects:create" instead, and return to this command when you've created the project. 
